0 info it worked if it ends with ok
1 verbose cli [ '/usr/bin/node', '/usr/bin/npm', 'run', 'start-dev' ]
2 info using npm@3.10.5
3 info using node@v6.3.1
4 verbose run-script [ 'prestart-dev', 'start-dev', 'poststart-dev' ]
5 info lifecycle justen.us@0.0.0~prestart-dev: justen.us@0.0.0
6 silly lifecycle justen.us@0.0.0~prestart-dev: no script for prestart-dev, continuing
7 info lifecycle justen.us@0.0.0~start-dev: justen.us@0.0.0
8 verbose lifecycle justen.us@0.0.0~start-dev: unsafe-perm in lifecycle true
9 verbose lifecycle justen.us@0.0.0~start-dev: PATH: /usr/lib/node_modules/npm/bin/node-gyp-bin:/home/nphyx/src/justen.us/node_modules/.bin:/usr/bin:/home/nphyx/.npm-global/bin:/home/nphyx/bin:/usr/local/bin:/usr/local/sbin:/usr/local/bin:/usr/bin:/opt/adobe-air-sdk/bin:/usr/lib/jvm/default/bin:/usr/bin/site_perl:/usr/bin/vendor_perl:/usr/bin/core_perl
10 verbose lifecycle justen.us@0.0.0~start-dev: CWD: /home/nphyx/src/justen.us
11 silly lifecycle justen.us@0.0.0~start-dev: Args: [ '-c', 'NODE_ENV="development" node ./bin/www-basic' ]
12 silly lifecycle justen.us@0.0.0~start-dev: Returned: code: 1  signal: null
13 info lifecycle justen.us@0.0.0~start-dev: Failed to exec start-dev script
14 verbose stack Error: justen.us@0.0.0 start-dev: `NODE_ENV="development" node ./bin/www-basic`
14 verbose stack Exit status 1
14 verbose stack     at EventEmitter.<anonymous> (/usr/lib/node_modules/npm/lib/utils/lifecycle.js:242:16)
14 verbose stack     at emitTwo (events.js:106:13)
14 verbose stack     at EventEmitter.emit (events.js:191:7)
14 verbose stack     at ChildProcess.<anonymous> (/usr/lib/node_modules/npm/lib/utils/spawn.js:40:14)
14 verbose stack     at emitTwo (events.js:106:13)
14 verbose stack     at ChildProcess.emit (events.js:191:7)
14 verbose stack     at maybeClose (internal/child_process.js:852:16)
14 verbose stack     at Process.ChildProcess._handle.onexit (internal/child_process.js:215:5)
15 verbose pkgid justen.us@0.0.0
16 verbose cwd /home/nphyx/src/justen.us
17 error Linux 4.6.4-1-ARCH
18 error argv "/usr/bin/node" "/usr/bin/npm" "run" "start-dev"
19 error node v6.3.1
20 error npm  v3.10.5
21 error code ELIFECYCLE
22 error justen.us@0.0.0 start-dev: `NODE_ENV="development" node ./bin/www-basic`
22 error Exit status 1
23 error Failed at the justen.us@0.0.0 start-dev script 'NODE_ENV="development" node ./bin/www-basic'.
23 error Make sure you have the latest version of node.js and npm installed.
23 error If you do, this is most likely a problem with the justen.us package,
23 error not with npm itself.
23 error Tell the author that this fails on your system:
23 error     NODE_ENV="development" node ./bin/www-basic
23 error You can get information on how to open an issue for this project with:
23 error     npm bugs justen.us
23 error Or if that isn't available, you can get their info via:
23 error     npm owner ls justen.us
23 error There is likely additional logging output above.
24 verbose exit [ 1, true ]
